<?xml version="1.0" encoding="UTF-8"?>
<coverage generated="1723351312982" clover="3.2.0">
  <project timestamp="1723351312982" name="All files">
    <metrics statements="17" coveredstatements="17" conditionals="5" coveredconditionals="5" methods="10" coveredmethods="10" elements="32" coveredelements="32" complexity="0" loc="17" ncloc="17" packages="5" files="6" classes="6"/>
    <package name="src">
      <metrics statements="1" coveredstatements="1" conditionals="0" coveredconditionals="0" methods="0" coveredmethods="0"/>
      <file name="teamColor.jsx" path="/Users/curtis/Desktop/SoftwareArchCSCA5028/final_project/mlb-data-front-end/src/teamColor.jsx">
        <metrics statements="1" coveredstatements="1" conditionals="0" coveredconditionals="0" methods="0" coveredmethods="0"/>
        <line num="1" count="2" type="stmt"/>
      </file>
    </package>
    <package name="src.components.Card">
      <metrics statements="2" coveredstatements="2" conditionals="0" coveredconditionals="0" methods="1" coveredmethods="1"/>
      <file name="Card.jsx" path="/Users/curtis/Desktop/SoftwareArchCSCA5028/final_project/mlb-data-front-end/src/components/Card/Card.jsx">
        <metrics statements="2" coveredstatements="2" conditionals="0" coveredconditionals="0" methods="1" coveredmethods="1"/>
        <line num="5" count="12" type="stmt"/>
        <line num="6" count="12" type="stmt"/>
      </file>
    </package>
    <package name="src.components.Glossary">
      <metrics statements="1" coveredstatements="1" conditionals="0" coveredconditionals="0" methods="1" coveredmethods="1"/>
      <file name="Glossary.jsx" path="/Users/curtis/Desktop/SoftwareArchCSCA5028/final_project/mlb-data-front-end/src/components/Glossary/Glossary.jsx">
        <metrics statements="1" coveredstatements="1" conditionals="0" coveredconditionals="0" methods="1" coveredmethods="1"/>
        <line num="2" count="4" type="stmt"/>
      </file>
    </package>
    <package name="src.components.OPSChart">
      <metrics statements="5" coveredstatements="5" conditionals="5" coveredconditionals="5" methods="2" coveredmethods="2"/>
      <file name="OPSChart.jsx" path="/Users/curtis/Desktop/SoftwareArchCSCA5028/final_project/mlb-data-front-end/src/components/OPSChart/OPSChart.jsx">
        <metrics statements="1" coveredstatements="1" conditionals="0" coveredconditionals="0" methods="1" coveredmethods="1"/>
        <line num="5" count="4" type="stmt"/>
      </file>
      <file name="OPSTooltip.jsx" path="/Users/curtis/Desktop/SoftwareArchCSCA5028/final_project/mlb-data-front-end/src/components/OPSChart/OPSTooltip.jsx">
        <metrics statements="4" coveredstatements="4" conditionals="5" coveredconditionals="5" methods="1" coveredmethods="1"/>
        <line num="1" count="3" type="stmt"/>
        <line num="2" count="5" type="cond" truecount="5" falsecount="0"/>
        <line num="3" count="1" type="stmt"/>
        <line num="12" count="4" type="stmt"/>
      </file>
    </package>
    <package name="src.components.OPSDashboard">
      <metrics statements="8" coveredstatements="8" conditionals="0" coveredconditionals="0" methods="6" coveredmethods="6"/>
      <file name="OPSDashboard.jsx" path="/Users/curtis/Desktop/SoftwareArchCSCA5028/final_project/mlb-data-front-end/src/components/OPSDashboard/OPSDashboard.jsx">
        <metrics statements="8" coveredstatements="8" conditionals="0" coveredconditionals="0" methods="6" coveredmethods="6"/>
        <line num="8" count="4" type="stmt"/>
        <line num="10" count="3" type="stmt"/>
        <line num="11" count="2" type="stmt"/>
        <line num="12" count="1" type="stmt"/>
        <line num="13" count="1" type="stmt"/>
        <line num="14" count="1" type="stmt"/>
        <line num="17" count="3" type="stmt"/>
        <line num="28" count="1" type="stmt"/>
      </file>
    </package>
  </project>
</coverage>
