{"/Users/curtis/Desktop/SoftwareArchCSCA5028/final_project/mlb-data-front-end/src/teamColor.jsx": {"path":"/Users/curtis/Desktop/SoftwareArchCSCA5028/final_project/mlb-data-front-end/src/teamColor.jsx","statementMap":{"0":{"start":{"line":1,"column":18},"end":{"line":122,"column":1}}},"fnMap":{},"branchMap":{},"s":{"0":2},"f":{},"b":{},"_coverageSchema":"1a1c01bbd47fc00a2c39e90264f33305004495a9","hash":"bd0b9da74595c591caaf28b66bdfcdb4436c4c74"}
,"/Users/curtis/Desktop/SoftwareArchCSCA5028/final_project/mlb-data-front-end/src/components/Card/Card.jsx": {"path":"/Users/curtis/Desktop/SoftwareArchCSCA5028/final_project/mlb-data-front-end/src/components/Card/Card.jsx","statementMap":{"0":{"start":{"line":5,"column":162},"end":{"line":5,"column":166}},"1":{"start":{"line":6,"column":4},"end":{"line":47,"column":6}}},"fnMap":{"0":{"name":"Card","decl":{"start":{"line":4,"column":9},"end":{"line":4,"column":13}},"loc":{"start":{"line":4,"column":42},"end":{"line":48,"column":1}},"line":4}},"branchMap":{},"s":{"0":12,"1":12},"f":{"0":12},"b":{},"_coverageSchema":"1a1c01bbd47fc00a2c39e90264f33305004495a9","hash":"0ebe53d925654b6bfac11e3c25353269b611db37"}
,"/Users/curtis/Desktop/SoftwareArchCSCA5028/final_project/mlb-data-front-end/src/components/Glossary/Glossary.jsx": {"path":"/Users/curtis/Desktop/SoftwareArchCSCA5028/final_project/mlb-data-front-end/src/components/Glossary/Glossary.jsx","statementMap":{"0":{"start":{"line":2,"column":4},"end":{"line":17,"column":6}}},"fnMap":{"0":{"name":"Glossary","decl":{"start":{"line":1,"column":9},"end":{"line":1,"column":17}},"loc":{"start":{"line":1,"column":20},"end":{"line":18,"column":1}},"line":1}},"branchMap":{},"s":{"0":4},"f":{"0":4},"b":{},"_coverageSchema":"1a1c01bbd47fc00a2c39e90264f33305004495a9","hash":"302caa4141ee62b3be3f65637fdefc9ff9121971"}
,"/Users/curtis/Desktop/SoftwareArchCSCA5028/final_project/mlb-data-front-end/src/components/OPSChart/OPSChart.jsx": {"path":"/Users/curtis/Desktop/SoftwareArchCSCA5028/final_project/mlb-data-front-end/src/components/OPSChart/OPSChart.jsx","statementMap":{"0":{"start":{"line":5,"column":4},"end":{"line":35,"column":6}}},"fnMap":{"0":{"name":"OPSChart","decl":{"start":{"line":3,"column":9},"end":{"line":3,"column":17}},"loc":{"start":{"line":3,"column":28},"end":{"line":36,"column":1}},"line":3}},"branchMap":{},"s":{"0":4},"f":{"0":4},"b":{},"_coverageSchema":"1a1c01bbd47fc00a2c39e90264f33305004495a9","hash":"e0f65f1a990070f1bbb274f6eddde4a718a50283"}
,"/Users/curtis/Desktop/SoftwareArchCSCA5028/final_project/mlb-data-front-end/src/components/OPSChart/OPSTooltip.jsx": {"path":"/Users/curtis/Desktop/SoftwareArchCSCA5028/final_project/mlb-data-front-end/src/components/OPSChart/OPSTooltip.jsx","statementMap":{"0":{"start":{"line":1,"column":19},"end":{"line":13,"column":1}},"1":{"start":{"line":2,"column":4},"end":{"line":10,"column":5}},"2":{"start":{"line":3,"column":8},"end":{"line":9,"column":10}},"3":{"start":{"line":12,"column":4},"end":{"line":12,"column":16}}},"fnMap":{"0":{"name":"(anonymous_0)","decl":{"start":{"line":1,"column":19},"end":{"line":1,"column":20}},"loc":{"start":{"line":1,"column":51},"end":{"line":13,"column":1}},"line":1}},"branchMap":{"0":{"loc":{"start":{"line":2,"column":4},"end":{"line":10,"column":5}},"type":"if","locations":[{"start":{"line":2,"column":4},"end":{"line":10,"column":5}},{"start":{},"end":{}}],"line":2},"1":{"loc":{"start":{"line":2,"column":8},"end":{"line":2,"column":43}},"type":"binary-expr","locations":[{"start":{"line":2,"column":8},"end":{"line":2,"column":14}},{"start":{"line":2,"column":18},"end":{"line":2,"column":25}},{"start":{"line":2,"column":29},"end":{"line":2,"column":43}}],"line":2}},"s":{"0":3,"1":5,"2":1,"3":4},"f":{"0":5},"b":{"0":[1,4],"1":[5,1,1]},"_coverageSchema":"1a1c01bbd47fc00a2c39e90264f33305004495a9","hash":"53c0d3519c99f9efd39d2a4104a345b47ba822b2"}
,"/Users/curtis/Desktop/SoftwareArchCSCA5028/final_project/mlb-data-front-end/src/components/OPSDashboard/OPSDashboard.jsx": {"path":"/Users/curtis/Desktop/SoftwareArchCSCA5028/final_project/mlb-data-front-end/src/components/OPSDashboard/OPSDashboard.jsx","statementMap":{"0":{"start":{"line":8,"column":40},"end":{"line":8,"column":52}},"1":{"start":{"line":10,"column":4},"end":{"line":15,"column":11}},"2":{"start":{"line":11,"column":8},"end":{"line":14,"column":44}},"3":{"start":{"line":12,"column":25},"end":{"line":12,"column":35}},"4":{"start":{"line":13,"column":26},"end":{"line":13,"column":45}},"5":{"start":{"line":14,"column":26},"end":{"line":14,"column":42}},"6":{"start":{"line":17,"column":4},"end":{"line":30,"column":5}},"7":{"start":{"line":28,"column":41},"end":{"line":28,"column":105}}},"fnMap":{"0":{"name":"OPSDashboard","decl":{"start":{"line":7,"column":9},"end":{"line":7,"column":21}},"loc":{"start":{"line":7,"column":24},"end":{"line":31,"column":1}},"line":7},"1":{"name":"(anonymous_1)","decl":{"start":{"line":10,"column":14},"end":{"line":10,"column":15}},"loc":{"start":{"line":10,"column":20},"end":{"line":15,"column":5}},"line":10},"2":{"name":"(anonymous_2)","decl":{"start":{"line":12,"column":18},"end":{"line":12,"column":19}},"loc":{"start":{"line":12,"column":25},"end":{"line":12,"column":35}},"line":12},"3":{"name":"(anonymous_3)","decl":{"start":{"line":13,"column":18},"end":{"line":13,"column":19}},"loc":{"start":{"line":13,"column":26},"end":{"line":13,"column":45}},"line":13},"4":{"name":"(anonymous_4)","decl":{"start":{"line":14,"column":19},"end":{"line":14,"column":20}},"loc":{"start":{"line":14,"column":26},"end":{"line":14,"column":42}},"line":14},"5":{"name":"(anonymous_5)","decl":{"start":{"line":28,"column":28},"end":{"line":28,"column":29}},"loc":{"start":{"line":28,"column":41},"end":{"line":28,"column":105}},"line":28}},"branchMap":{},"s":{"0":4,"1":3,"2":2,"3":1,"4":1,"5":1,"6":3,"7":1},"f":{"0":4,"1":2,"2":1,"3":1,"4":1,"5":1},"b":{},"_coverageSchema":"1a1c01bbd47fc00a2c39e90264f33305004495a9","hash":"14ae5e0bae158b6d25ea847aef8c7348508573f9"}
}
