TN:
SF:src/teamColor.jsx
FNF:0
FNH:0
DA:1,2
LF:1
LH:1
BRF:0
BRH:0
end_of_record
TN:
SF:src/components/Card/Card.jsx
FN:4,Card
FNF:1
FNH:1
FNDA:12,Card
DA:5,12
DA:6,12
LF:2
LH:2
BRF:0
BRH:0
end_of_record
TN:
SF:src/components/Glossary/Glossary.jsx
FN:1,Glossary
FNF:1
FNH:1
FNDA:4,Glossary
DA:2,4
LF:1
LH:1
BRF:0
BRH:0
end_of_record
TN:
SF:src/components/OPSChart/OPSChart.jsx
FN:3,OPSChart
FNF:1
FNH:1
FNDA:4,OPSChart
DA:5,4
LF:1
LH:1
BRF:0
BRH:0
end_of_record
TN:
SF:src/components/OPSChart/OPSTooltip.jsx
FN:1,(anonymous_0)
FNF:1
FNH:1
FNDA:5,(anonymous_0)
DA:1,3
DA:2,5
DA:3,1
DA:12,4
LF:4
LH:4
BRDA:2,0,0,1
BRDA:2,0,1,4
BRDA:2,1,0,5
BRDA:2,1,1,1
BRDA:2,1,2,1
BRF:5
BRH:5
end_of_record
TN:
SF:src/components/OPSDashboard/OPSDashboard.jsx
FN:7,OPSDashboard
FN:10,(anonymous_1)
FN:12,(anonymous_2)
FN:13,(anonymous_3)
FN:14,(anonymous_4)
FN:28,(anonymous_5)
FNF:6
FNH:6
FNDA:4,OPSDashboard
FNDA:2,(anonymous_1)
FNDA:1,(anonymous_2)
FNDA:1,(anonymous_3)
FNDA:1,(anonymous_4)
FNDA:1,(anonymous_5)
DA:8,4
DA:10,3
DA:11,2
DA:12,1
DA:13,1
DA:14,1
DA:17,3
DA:28,1
LF:8
LH:8
BRF:0
BRH:0
end_of_record
